2021-04-07 16:42:21,442 INFO Starting Nacos v1.3.2 on VPC-ZhangCongCong with PID 49324 (C:\Idea\article-manager\develop\nacos\target\nacos-server.jar started by zhangcongcong in C:\Idea\article-manager\develop\nacos\bin)

2021-04-07 16:42:21,455 INFO The following profiles are active: standalone

2021-04-07 16:42:32,742 INFO Bean 'org.springframework.security.config.annotation.configuration.ObjectPostProcessorConfiguration' of type [org.springframework.security.config.annotation.configuration.ObjectPostProcessorConfiguration$$EnhancerBySpringCGLIB$$6bf9c417] is not eligible for getting processed by all BeanPostProcessors (for example: not eligible for auto-proxying)

2021-04-07 16:42:32,924 INFO Bean 'objectPostProcessor' of type [org.springframework.security.config.annotation.configuration.AutowireBeanFactoryObjectPostProcessor] is not eligible for getting processed by all BeanPostProcessors (for example: not eligible for auto-proxying)

2021-04-07 16:42:32,945 INFO Bean 'org.springframework.security.access.expression.method.DefaultMethodSecurityExpressionHandler@5117dd67' of type [org.springframework.security.access.expression.method.DefaultMethodSecurityExpressionHandler] is not eligible for getting processed by all BeanPostProcessors (for example: not eligible for auto-proxying)

2021-04-07 16:42:32,961 INFO Bean 'org.springframework.security.config.annotation.method.configuration.GlobalMethodSecurityConfiguration' of type [org.springframework.security.config.annotation.method.configuration.GlobalMethodSecurityConfiguration$$EnhancerBySpringCGLIB$$90ce66c9] is not eligible for getting processed by all BeanPostProcessors (for example: not eligible for auto-proxying)

2021-04-07 16:42:32,982 INFO Bean 'methodSecurityMetadataSource' of type [org.springframework.security.access.method.DelegatingMethodSecurityMetadataSource] is not eligible for getting processed by all BeanPostProcessors (for example: not eligible for auto-proxying)

2021-04-07 16:42:34,068 INFO Tomcat initialized with port(s): 8848 (http)

2021-04-07 16:42:34,117 INFO Starting service [Tomcat]

2021-04-07 16:42:34,117 INFO Starting Servlet Engine: Apache Tomcat/9.0.13

2021-04-07 16:42:34,145 INFO The APR based Apache Tomcat Native library which allows optimal performance in production environments was not found on the java.library.path: [C:\Program Files\Java\jdk1.8.0_192\bin;C:\WINDOWS\Sun\Java\bin;C:\WINDOWS\system32;C:\WINDOWS;C:\Program Files\Java\jdk1.8.0_192\bin;C:\Program Files\Java\jdk1.8.0_192\jre\bin;C:\ProgramData\Oracle\Java\javapath;C:\Program Files (x86)\Common Files\Oracle\Java\javapath;C:\WINDOWS\system32;C:\WINDOWS;C:\WINDOWS\System32\Wbem;C:\WINDOWS\System32\WindowsPowerShell\v1.0\;C:\Program Files\TortoiseSVN\bin;%USERPROFILE%\.dnx\bin;C:\Program Files\Microsoft DNX\Dnvm\;C:\Program Files\Microsoft SQL Server\120\Tools\Binn\;C:\Program Files\Microsoft SQL Server\130\Tools\Binn\;c:\program files (x86)\ericsson\element management\emrk;C:\Program Files\nodejs\;C:\Users\zhangcongcong\AppData\Roaming\npm;C:\Users\zhangcongcong\AppData\Local\Programs\Git\cmd;.]

2021-04-07 16:42:34,419 INFO Initializing Spring embedded WebApplicationContext

2021-04-07 16:42:34,420 INFO Root WebApplicationContext: initialization completed in 12759 ms

2021-04-07 16:42:36,155 WARN HikariPool-1 - idleTimeout has been set but has no effect because the pool is operating as a fixed size pool.

2021-04-07 16:42:36,155 INFO HikariPool-1 - Starting...

2021-04-07 16:42:36,168 WARN Registered driver with driverClassName=org.apache.derby.jdbc.EmbeddedDriver was not found, trying direct instantiation.

2021-04-07 16:42:37,102 INFO HikariPool-1 - Driver does not support get/set network timeout for connections. (Feature not implemented: No details.)

2021-04-07 16:42:37,115 INFO HikariPool-1 - Start completed.

2021-04-07 16:42:39,451 INFO Nacos-related cluster resource initialization

2021-04-07 16:42:39,474 INFO The cluster resource is initialized

2021-04-07 16:42:40,330 INFO Reflections took 93 ms to scan 1 urls, producing 6 keys and 24 values 

2021-04-07 16:42:40,396 INFO Reflections took 11 ms to scan 1 urls, producing 2 keys and 12 values 

2021-04-07 16:42:40,411 INFO Reflections took 10 ms to scan 1 urls, producing 3 keys and 15 values 

2021-04-07 16:42:42,808 INFO Initializing ExecutorService 'applicationTaskExecutor'

2021-04-07 16:42:43,218 INFO Adding welcome page: class path resource [static/index.html]

2021-04-07 16:42:44,187 INFO Creating filter chain: Ant [pattern='/**'], []

2021-04-07 16:42:44,271 INFO Creating filter chain: any request, [org.springframework.security.web.context.request.async.WebAsyncManagerIntegrationFilter@22c86919, org.springframework.security.web.context.SecurityContextPersistenceFilter@64da2a7, org.springframework.security.web.header.HeaderWriterFilter@724f138e, org.springframework.security.web.csrf.CsrfFilter@12cd9150, org.springframework.security.web.authentication.logout.LogoutFilter@21694e53, org.springframework.security.web.savedrequest.RequestCacheAwareFilter@d78795, org.springframework.security.web.servletapi.SecurityContextHolderAwareRequestFilter@3b9d6699, org.springframework.security.web.authentication.AnonymousAuthenticationFilter@70fab835, org.springframework.security.web.session.SessionManagementFilter@32fe9d0a, org.springframework.security.web.access.ExceptionTranslationFilter@f415a95]

2021-04-07 16:42:44,678 INFO Exposing 2 endpoint(s) beneath base path '/actuator'

2021-04-07 16:42:44,756 INFO Initializing ExecutorService 'taskScheduler'

2021-04-07 16:42:45,172 INFO Tomcat started on port(s): 8848 (http) with context path '/nacos'

2021-04-07 16:42:45,184 INFO Started Nacos in 26.431 seconds (JVM running for 28.165)

2021-04-07 16:42:45,185 INFO Nacos Log files: C:\Idea\article-manager\develop\nacos\logs

2021-04-07 16:42:45,192 INFO Nacos Log files: C:\Idea\article-manager\develop\nacos\conf

2021-04-07 16:42:45,198 INFO Nacos Log files: C:\Idea\article-manager\develop\nacos\data

2021-04-07 16:42:45,208 INFO Nacos started successfully in stand alone mode. use embedded storage

2021-04-07 16:42:51,000 INFO Initializing Spring DispatcherServlet 'dispatcherServlet'

2021-04-07 16:42:51,000 INFO Initializing Servlet 'dispatcherServlet'

2021-04-07 16:42:51,018 INFO Completed initialization in 14 ms

2021-04-07 16:52:40,897 INFO [capacityManagement] start correct usage

2021-04-07 16:52:40,925 INFO [capacityManagement] end correct usage, cost: 0s

2021-04-07 16:52:41,306 WARN clearConfigHistory start

2021-04-07 17:02:40,927 INFO [capacityManagement] start correct usage

2021-04-07 17:02:40,928 INFO [capacityManagement] end correct usage, cost: 0s

2021-04-07 17:02:41,312 WARN clearConfigHistory start

2021-04-07 17:12:40,931 INFO [capacityManagement] start correct usage

2021-04-07 17:12:40,932 INFO [capacityManagement] end correct usage, cost: 0s

2021-04-07 17:12:41,315 WARN clearConfigHistory start

2021-04-07 17:22:40,934 INFO [capacityManagement] start correct usage

2021-04-07 17:22:40,935 INFO [capacityManagement] end correct usage, cost: 0s

2021-04-07 17:22:41,318 WARN clearConfigHistory start

