2021-04-09 00:03:11,972 INFO PERFORMANCE:|3|3|-1|-1

2021-04-09 00:08:11,976 INFO PERFORMANCE:|3|3|-1|-1

2021-04-09 00:13:11,977 INFO PERFORMANCE:|3|3|-1|-1

2021-04-09 00:18:11,980 INFO PERFORMANCE:|3|3|-1|-1

2021-04-09 00:23:11,981 INFO PERFORMANCE:|3|3|-1|-1

2021-04-09 00:28:11,982 INFO PERFORMANCE:|3|3|-1|-1

2021-04-09 00:33:11,983 INFO PERFORMANCE:|3|3|-1|-1

2021-04-09 00:38:11,984 INFO PERFORMANCE:|3|3|-1|-1

2021-04-09 00:43:11,986 INFO PERFORMANCE:|3|3|-1|-1

2021-04-09 00:48:11,988 INFO PERFORMANCE:|3|3|-1|-1

2021-04-09 00:53:11,989 INFO PERFORMANCE:|3|3|-1|-1

2021-04-09 00:58:11,990 INFO PERFORMANCE:|3|3|-1|-1

2021-04-09 01:03:11,991 INFO PERFORMANCE:|3|3|-1|-1

2021-04-09 01:08:11,993 INFO PERFORMANCE:|3|3|-1|-1

2021-04-09 01:13:11,994 INFO PERFORMANCE:|3|3|-1|-1

2021-04-09 01:18:11,995 INFO PERFORMANCE:|3|3|-1|-1

2021-04-09 01:23:11,996 INFO PERFORMANCE:|3|3|-1|-1

2021-04-09 01:28:11,997 INFO PERFORMANCE:|3|3|-1|-1

2021-04-09 01:33:11,999 INFO PERFORMANCE:|3|3|-1|-1

2021-04-09 01:38:12,000 INFO PERFORMANCE:|3|3|-1|-1

2021-04-09 01:43:12,002 INFO PERFORMANCE:|3|3|-1|-1

2021-04-09 01:48:12,004 INFO PERFORMANCE:|3|3|-1|-1

2021-04-09 01:53:12,006 INFO PERFORMANCE:|3|3|-1|-1

2021-04-09 01:58:12,008 INFO PERFORMANCE:|3|3|-1|-1

2021-04-09 02:03:12,009 INFO PERFORMANCE:|3|3|-1|-1

2021-04-09 02:08:12,011 INFO PERFORMANCE:|3|3|-1|-1

2021-04-09 02:13:12,012 INFO PERFORMANCE:|3|3|-1|-1

2021-04-09 02:18:12,013 INFO PERFORMANCE:|3|3|-1|-1

2021-04-09 02:23:12,015 INFO PERFORMANCE:|3|3|-1|-1

2021-04-09 02:28:12,016 INFO PERFORMANCE:|3|3|-1|-1

2021-04-09 02:33:12,017 INFO PERFORMANCE:|3|3|-1|-1

2021-04-09 02:38:12,018 INFO PERFORMANCE:|3|3|-1|-1

2021-04-09 02:43:12,019 INFO PERFORMANCE:|3|3|-1|-1

2021-04-09 02:48:12,021 INFO PERFORMANCE:|3|3|-1|-1

2021-04-09 02:53:12,022 INFO PERFORMANCE:|3|3|-1|-1

2021-04-09 02:58:12,023 INFO PERFORMANCE:|3|3|-1|-1

2021-04-09 03:03:12,024 INFO PERFORMANCE:|3|3|-1|-1

2021-04-09 03:08:12,026 INFO PERFORMANCE:|3|3|-1|-1

2021-04-09 03:13:12,028 INFO PERFORMANCE:|3|3|-1|-1

2021-04-09 03:18:12,029 INFO PERFORMANCE:|3|3|-1|-1

2021-04-09 03:23:12,030 INFO PERFORMANCE:|3|3|-1|-1

2021-04-09 03:28:12,031 INFO PERFORMANCE:|3|3|-1|-1

2021-04-09 03:33:12,032 INFO PERFORMANCE:|3|3|-1|-1

2021-04-09 03:38:12,033 INFO PERFORMANCE:|3|3|-1|-1

2021-04-09 03:43:12,035 INFO PERFORMANCE:|3|3|-1|-1

2021-04-09 03:48:12,036 INFO PERFORMANCE:|3|3|-1|-1

2021-04-09 03:53:12,038 INFO PERFORMANCE:|3|3|-1|-1

2021-04-09 03:58:12,039 INFO PERFORMANCE:|3|3|-1|-1

2021-04-09 04:03:12,040 INFO PERFORMANCE:|3|3|-1|-1

2021-04-09 04:08:12,042 INFO PERFORMANCE:|3|3|-1|-1

2021-04-09 04:13:12,043 INFO PERFORMANCE:|3|3|-1|-1

2021-04-09 04:18:12,044 INFO PERFORMANCE:|3|3|-1|-1

2021-04-09 04:23:12,045 INFO PERFORMANCE:|3|3|-1|-1

2021-04-09 04:28:12,047 INFO PERFORMANCE:|3|3|-1|-1

2021-04-09 04:33:12,049 INFO PERFORMANCE:|3|3|-1|-1

2021-04-09 04:38:12,050 INFO PERFORMANCE:|3|3|-1|-1

2021-04-09 04:43:12,051 INFO PERFORMANCE:|3|3|-1|-1

2021-04-09 04:48:12,052 INFO PERFORMANCE:|3|3|-1|-1

2021-04-09 04:53:12,053 INFO PERFORMANCE:|3|3|-1|-1

2021-04-09 04:58:12,056 INFO PERFORMANCE:|3|3|-1|-1

2021-04-09 05:03:12,057 INFO PERFORMANCE:|3|3|-1|-1

2021-04-09 05:08:12,059 INFO PERFORMANCE:|3|3|-1|-1

2021-04-09 05:13:12,060 INFO PERFORMANCE:|3|3|-1|-1

2021-04-09 05:18:12,061 INFO PERFORMANCE:|3|3|-1|-1

2021-04-09 05:23:12,064 INFO PERFORMANCE:|3|3|-1|-1

2021-04-09 05:28:12,065 INFO PERFORMANCE:|3|3|-1|-1

2021-04-09 05:33:12,067 INFO PERFORMANCE:|3|3|-1|-1

2021-04-09 05:38:12,068 INFO PERFORMANCE:|3|3|-1|-1

2021-04-09 05:43:12,069 INFO PERFORMANCE:|3|3|-1|-1

2021-04-09 05:48:12,072 INFO PERFORMANCE:|3|3|-1|-1

2021-04-09 05:53:12,073 INFO PERFORMANCE:|3|3|-1|-1

2021-04-09 05:58:12,074 INFO PERFORMANCE:|3|3|-1|-1

2021-04-09 06:03:12,075 INFO PERFORMANCE:|3|3|-1|-1

2021-04-09 06:08:12,076 INFO PERFORMANCE:|3|3|-1|-1

2021-04-09 06:13:12,079 INFO PERFORMANCE:|3|3|-1|-1

2021-04-09 06:18:12,081 INFO PERFORMANCE:|3|3|-1|-1

2021-04-09 06:23:12,083 INFO PERFORMANCE:|3|3|-1|-1

2021-04-09 06:28:12,084 INFO PERFORMANCE:|3|3|-1|-1

2021-04-09 06:33:12,085 INFO PERFORMANCE:|3|3|-1|-1

2021-04-09 06:38:12,087 INFO PERFORMANCE:|3|3|-1|-1

2021-04-09 06:43:12,088 INFO PERFORMANCE:|3|3|-1|-1

2021-04-09 06:48:12,089 INFO PERFORMANCE:|3|3|-1|-1

2021-04-09 06:53:12,090 INFO PERFORMANCE:|3|3|-1|-1

2021-04-09 06:58:12,092 INFO PERFORMANCE:|3|3|-1|-1

2021-04-09 07:03:12,094 INFO PERFORMANCE:|3|3|-1|-1

2021-04-09 07:08:12,096 INFO PERFORMANCE:|3|3|-1|-1

2021-04-09 07:13:12,097 INFO PERFORMANCE:|3|3|-1|-1

2021-04-09 07:18:12,098 INFO PERFORMANCE:|3|3|-1|-1

2021-04-09 07:23:12,100 INFO PERFORMANCE:|3|3|-1|-1

2021-04-09 07:28:12,102 INFO PERFORMANCE:|3|3|-1|-1

2021-04-09 07:33:12,103 INFO PERFORMANCE:|3|3|-1|-1

2021-04-09 07:38:12,105 INFO PERFORMANCE:|3|3|-1|-1

2021-04-09 07:43:12,106 INFO PERFORMANCE:|3|3|-1|-1

2021-04-09 07:48:12,108 INFO PERFORMANCE:|3|3|-1|-1

2021-04-09 07:53:12,109 INFO PERFORMANCE:|3|3|-1|-1

2021-04-09 07:58:12,112 INFO PERFORMANCE:|3|3|-1|-1

2021-04-09 08:03:12,113 INFO PERFORMANCE:|3|3|-1|-1

2021-04-09 08:08:12,114 INFO PERFORMANCE:|3|3|-1|-1

2021-04-09 08:13:12,116 INFO PERFORMANCE:|3|3|-1|-1

2021-04-09 08:18:12,117 INFO PERFORMANCE:|3|3|-1|-1

2021-04-09 08:23:12,120 INFO PERFORMANCE:|3|3|-1|-1

2021-04-09 08:28:12,122 INFO PERFORMANCE:|3|3|-1|-1

2021-04-09 08:33:12,124 INFO PERFORMANCE:|3|3|-1|-1

2021-04-09 08:38:12,126 INFO PERFORMANCE:|3|3|-1|-1

2021-04-09 08:43:12,127 INFO PERFORMANCE:|3|3|-1|-1

2021-04-09 08:48:12,130 INFO PERFORMANCE:|3|3|-1|-1

2021-04-09 08:53:12,132 INFO PERFORMANCE:|3|3|-1|-1

2021-04-09 08:58:12,133 INFO PERFORMANCE:|3|3|-1|-1

2021-04-09 09:03:12,133 INFO PERFORMANCE:|3|3|-1|-1

2021-04-09 09:08:12,134 INFO PERFORMANCE:|3|3|-1|-1

2021-04-09 09:13:12,136 INFO PERFORMANCE:|3|3|-1|-1

2021-04-09 09:18:12,137 INFO PERFORMANCE:|3|3|-1|-1

2021-04-09 09:23:12,139 INFO PERFORMANCE:|3|3|-1|-1

2021-04-09 09:28:12,140 INFO PERFORMANCE:|3|3|-1|-1

2021-04-09 09:33:12,142 INFO PERFORMANCE:|3|3|-1|-1

2021-04-09 09:38:12,144 INFO PERFORMANCE:|3|3|-1|-1

2021-04-09 09:43:12,146 INFO PERFORMANCE:|3|3|-1|-1

2021-04-09 09:48:12,147 INFO PERFORMANCE:|3|3|-1|-1

2021-04-09 09:53:12,149 INFO PERFORMANCE:|3|3|-1|-1

2021-04-09 09:58:12,150 INFO PERFORMANCE:|3|3|-1|-1

2021-04-09 10:03:12,151 INFO PERFORMANCE:|3|3|-1|-1

2021-04-09 10:08:12,153 INFO PERFORMANCE:|3|3|-1|-1

2021-04-09 10:13:12,156 INFO PERFORMANCE:|3|3|-1|-1

2021-04-09 10:18:12,157 INFO PERFORMANCE:|3|3|-1|-1

2021-04-09 10:23:12,159 INFO PERFORMANCE:|3|3|-1|-1

2021-04-09 10:28:12,160 INFO PERFORMANCE:|3|3|-1|-1

2021-04-09 10:33:12,161 INFO PERFORMANCE:|3|3|-1|-1

2021-04-09 10:38:12,163 INFO PERFORMANCE:|3|3|-1|-1

2021-04-09 10:43:12,164 INFO PERFORMANCE:|3|3|-1|-1

2021-04-09 10:48:12,165 INFO PERFORMANCE:|3|3|-1|-1

2021-04-09 10:53:12,166 INFO PERFORMANCE:|3|3|-1|-1

2021-04-09 10:58:12,169 INFO PERFORMANCE:|3|3|-1|-1

2021-04-09 11:03:12,170 INFO PERFORMANCE:|3|3|-1|-1

2021-04-09 11:08:12,172 INFO PERFORMANCE:|3|3|-1|-1

2021-04-09 11:13:12,173 INFO PERFORMANCE:|3|3|-1|-1

2021-04-09 11:18:12,174 INFO PERFORMANCE:|3|3|-1|-1

2021-04-09 11:23:12,175 INFO PERFORMANCE:|3|3|-1|-1

2021-04-09 11:28:12,176 INFO PERFORMANCE:|3|3|-1|-1

2021-04-09 11:33:12,177 INFO PERFORMANCE:|3|3|-1|-1

2021-04-09 11:38:12,179 INFO PERFORMANCE:|3|3|-1|-1

2021-04-09 11:43:12,181 INFO PERFORMANCE:|3|3|-1|-1

2021-04-09 11:48:12,182 INFO PERFORMANCE:|3|3|-1|-1

2021-04-09 11:53:12,182 INFO PERFORMANCE:|3|3|-1|-1

2021-04-09 11:58:12,183 INFO PERFORMANCE:|3|3|-1|-1

2021-04-09 12:03:12,185 INFO PERFORMANCE:|3|3|-1|-1

2021-04-09 12:08:12,186 INFO PERFORMANCE:|3|3|-1|-1

2021-04-09 12:13:12,188 INFO PERFORMANCE:|3|3|-1|-1

2021-04-09 12:18:12,189 INFO PERFORMANCE:|3|3|-1|-1

2021-04-09 12:23:12,190 INFO PERFORMANCE:|3|3|-1|-1

2021-04-09 12:28:12,192 INFO PERFORMANCE:|3|3|-1|-1

2021-04-09 12:33:12,193 INFO PERFORMANCE:|3|3|-1|-1

2021-04-09 12:38:12,194 INFO PERFORMANCE:|3|3|-1|-1

2021-04-09 12:43:12,195 INFO PERFORMANCE:|3|3|-1|-1

2021-04-09 12:48:12,196 INFO PERFORMANCE:|3|3|-1|-1

2021-04-09 12:53:12,197 INFO PERFORMANCE:|3|3|-1|-1

2021-04-09 12:58:12,200 INFO PERFORMANCE:|3|3|-1|-1

2021-04-09 13:03:12,200 INFO PERFORMANCE:|3|3|-1|-1

2021-04-09 13:08:12,202 INFO PERFORMANCE:|3|3|-1|-1

2021-04-09 13:13:12,204 INFO PERFORMANCE:|3|3|-1|-1

2021-04-09 13:18:12,205 INFO PERFORMANCE:|3|3|-1|-1

2021-04-09 13:23:12,206 INFO PERFORMANCE:|3|3|-1|-1

2021-04-09 13:28:12,208 INFO PERFORMANCE:|3|3|-1|-1

2021-04-09 13:33:12,210 INFO PERFORMANCE:|3|3|-1|-1

2021-04-09 13:38:12,211 INFO PERFORMANCE:|3|3|-1|-1

2021-04-09 13:43:12,213 INFO PERFORMANCE:|3|3|-1|-1

2021-04-09 13:48:12,213 INFO PERFORMANCE:|3|3|-1|-1

2021-04-09 13:53:12,214 INFO PERFORMANCE:|3|3|-1|-1

2021-04-09 13:58:12,216 INFO PERFORMANCE:|3|3|-1|-1

2021-04-09 14:03:12,218 INFO PERFORMANCE:|3|3|-1|-1

2021-04-09 14:08:12,219 INFO PERFORMANCE:|3|3|-1|-1

2021-04-09 14:13:12,221 INFO PERFORMANCE:|3|3|-1|-1

2021-04-09 14:18:12,222 INFO PERFORMANCE:|3|3|-1|-1

2021-04-09 14:23:12,223 INFO PERFORMANCE:|3|3|-1|-1

2021-04-09 14:28:12,225 INFO PERFORMANCE:|3|3|-1|-1

2021-04-09 14:33:12,226 INFO PERFORMANCE:|3|3|-1|-1

2021-04-09 14:38:12,229 INFO PERFORMANCE:|3|3|-1|-1

2021-04-09 14:43:12,230 INFO PERFORMANCE:|3|3|-1|-1

2021-04-09 14:48:12,232 INFO PERFORMANCE:|3|3|-1|-1

2021-04-09 14:53:12,234 INFO PERFORMANCE:|3|3|-1|-1

2021-04-09 14:58:12,236 INFO PERFORMANCE:|3|3|-1|-1

2021-04-09 15:03:12,237 INFO PERFORMANCE:|3|3|-1|-1

2021-04-09 15:08:12,238 INFO PERFORMANCE:|3|3|-1|-1

2021-04-09 15:13:12,240 INFO PERFORMANCE:|3|3|-1|-1

2021-04-09 15:18:12,241 INFO PERFORMANCE:|3|3|-1|-1

2021-04-09 15:23:12,242 INFO PERFORMANCE:|3|3|-1|-1

2021-04-09 15:28:12,243 INFO PERFORMANCE:|3|3|-1|-1

2021-04-09 15:33:12,243 INFO PERFORMANCE:|3|3|-1|-1

2021-04-09 15:38:12,246 INFO PERFORMANCE:|3|3|-1|-1

2021-04-09 15:43:12,247 INFO PERFORMANCE:|3|3|-1|-1

2021-04-09 15:48:12,248 INFO PERFORMANCE:|3|3|-1|-1

2021-04-09 15:53:12,250 INFO PERFORMANCE:|3|3|-1|-1

2021-04-09 15:58:12,251 INFO PERFORMANCE:|3|3|-1|-1

2021-04-09 16:03:12,253 INFO PERFORMANCE:|3|3|-1|-1

2021-04-09 16:08:12,255 INFO PERFORMANCE:|3|3|-1|-1

2021-04-09 16:13:12,256 INFO PERFORMANCE:|3|3|-1|-1

2021-04-09 16:18:12,258 INFO PERFORMANCE:|3|3|-1|-1

2021-04-09 16:23:12,261 INFO PERFORMANCE:|3|3|-1|-1

2021-04-09 16:28:12,264 INFO PERFORMANCE:|3|3|-1|-1

2021-04-09 16:33:12,265 INFO PERFORMANCE:|3|3|-1|-1

2021-04-09 16:38:12,266 INFO PERFORMANCE:|3|3|-1|-1

2021-04-09 16:43:12,266 INFO PERFORMANCE:|3|3|-1|-1

2021-04-09 16:48:12,267 INFO PERFORMANCE:|3|3|-1|-1

2021-04-09 16:53:12,270 INFO PERFORMANCE:|3|3|-1|-1

2021-04-09 16:58:12,271 INFO PERFORMANCE:|3|3|-1|-1

2021-04-09 17:03:12,272 INFO PERFORMANCE:|3|3|-1|-1

2021-04-09 17:08:12,273 INFO PERFORMANCE:|3|3|-1|-1

2021-04-09 17:13:12,274 INFO PERFORMANCE:|3|3|-1|-1

2021-04-09 17:18:12,276 INFO PERFORMANCE:|3|3|-1|-1

2021-04-09 17:23:12,277 INFO PERFORMANCE:|3|3|-1|-1

2021-04-09 17:28:12,278 INFO PERFORMANCE:|3|3|-1|-1

